#
# A fatal error has been detected by the Java Runtime Environment:
#
#  EXCEPTION_ACCESS_VIOLATION (0xc0000005) at pc=0x00000000040432b3, pid=6608, tid=0x0000000000001c44
#
# JRE version: OpenJDK Runtime Environment (8.0_242-b01) (build 1.8.0_242-release-1644-b01)
# Java VM: OpenJDK 64-Bit Server VM (25.242-b01 mixed mode windows-amd64 compressed oops)
# Problematic frame:
# J 8199 C1 java.util.concurrent.locks.AbstractQueuedSynchronizer.parkAndCheckInterrupt()Z (8 bytes) @ 0x00000000040432b3 [0x00000000040431e0+0xd3]
#
# Failed to write core dump. Minidumps are not enabled by default on client versions of Windows
#
# If you would like to submit a bug report, please visit:
#   
#

---------------  T H R E A D  ---------------

Current thread (0x000000005b987800):  JavaThread "Build operations Thread 2" [_thread_in_Java, id=7236, stack(0x00000000622f0000,0x00000000623f0000)]

siginfo: ExceptionCode=0xc0000005, reading address 0x00000000000001b8

Registers:
RAX=0x00000000570f5bc0, RBX=0x00000000570f5bc0, RCX=0x000000008040e068, RDX=0x000000008040e068
RSP=0x00000000623ed8d0, RBP=0x00000000623ed9c8, RSI=0x0000000061e84e28, RDI=0x0000000000000118
R8 =0x0000000061e85168, R9 =0x0000000000002050, R10=0x000000006f725d00, R11=0x0000000004043200
R12=0x0000000000000000, R13=0x00000000623ed980, R14=0x00000000623eda00, R15=0x000000005b987800
RIP=0x00000000040432b3, EFLAGS=0x0000000000010206

Top of Stack: (sp=0x00000000623ed8d0)
0x00000000623ed8d0:   00000000570f9590 0000000000000000
0x00000000623ed8e0:   00000000623ed958 00000000028c7850
0x00000000623ed8f0:   00000000028c8071 00000000028c7850
0x00000000623ed900:   00000000dae06db0 00000000dae89150
0x00000000623ed910:   00000000dae89150 00000000623ed918
0x00000000623ed920:   00000000570f5505 00000000623ed980
0x00000000623ed930:   00000000570f8330 000000006057a710
0x00000000623ed940:   00000000570f5528 0000000000000000
0x00000000623ed950:   00000000623ed978 00000000623ed9c8
0x00000000623ed960:   00000000623ed9c8 00000000028c7850
0x00000000623ed970:   00000000028c7850 00000000028c7850
0x00000000623ed980:   000000008040e068 00000000623ed988
0x00000000623ed990:   00000000570f5d9a 00000000623eda00
0x00000000623ed9a0:   00000000570f8330 0000000061ca9a08
0x00000000623ed9b0:   00000000570f5de8 00000000623ed980
0x00000000623ed9c0:   00000000623eda10 00000000623ede20 

Instructions: (pc=0x00000000040432b3)
0x0000000004043293:   e8 61 00 00 00 00 49 83 80 08 01 00 00 01 49 b8
0x00000000040432a3:   68 51 e8 61 00 00 00 00 49 83 80 18 01 00 00 01
0x00000000040432b3:   48 8b 34 25 b8 01 00 00 49 b8 18 c7 57 60 00 00
0x00000000040432c3:   00 00 45 8b 88 dc 00 00 00 41 83 c1 08 45 89 88 


Register to memory mapping:

RAX={method} {0x00000000570f5bc8} 'parkAndCheckInterrupt' '()Z' in 'java/util/concurrent/locks/AbstractQueuedSynchronizer'
RBX={method} {0x00000000570f5bc8} 'parkAndCheckInterrupt' '()Z' in 'java/util/concurrent/locks/AbstractQueuedSynchronizer'
RCX=0x000000008040e068 is an oop
java.util.concurrent.locks.ReentrantLock$FairSync 
 - klass: 'java/util/concurrent/locks/ReentrantLock$FairSync'
RDX=0x000000008040e068 is an oop
java.util.concurrent.locks.ReentrantLock$FairSync 
 - klass: 'java/util/concurrent/locks/ReentrantLock$FairSync'
RSP=0x00000000623ed8d0 is pointing into the stack for thread: 0x000000005b987800
RBP=0x00000000623ed9c8 is pointing into the stack for thread: 0x000000005b987800
RSI=0x0000000061e84e28 is pointing into metadata
RDI=0x0000000000000118 is an unknown value
R8 =0x0000000061e85168 is pointing into metadata
R9 =0x0000000000002050 is an unknown value
R10=0x000000006f725d00 is an unknown value
R11=0x0000000004043200 is at entry_point+32 in (nmethod*)0x0000000004043050
R12=0x0000000000000000 is an unknown value
R13=0x00000000623ed980 is pointing into the stack for thread: 0x000000005b987800
R14=0x00000000623eda00 is pointing into the stack for thread: 0x000000005b987800
R15=0x000000005b987800 is a thread


Stack: [0x00000000622f0000,0x00000000623f0000],  sp=0x00000000623ed8d0,  free space=1014k
Native frames: (J=compiled Java code, j=interpreted, Vv=VM code, C=native code)
C  0x00000000040432b3


---------------  P R O C E S S  ---------------

Java Threads: ( => current thread )
  0x000000005b98b000 JavaThread "Memory manager" [_thread_blocked, id=7964, stack(0x0000000065560000,0x0000000065660000)]
  0x000000005ad95000 JavaThread "Cache worker for execution history cache (C:\Users\New\AndroidStudioProjects\AndroidTest1\.gradle\6.1.1\executionHistory)" [_thread_blocked, id=7672, stack(0x0000000065950000,0x0000000065a50000)]
  0x000000005b989800 JavaThread "Cache worker for Build Output Cleanup Cache (C:\Users\New\AndroidStudioProjects\AndroidTest1\.gradle\buildOutputCleanup)" [_thread_blocked, id=5508, stack(0x0000000063480000,0x0000000063580000)]
  0x000000005b989000 JavaThread "Build operations Thread 4" [_thread_blocked, id=8172, stack(0x0000000063a00000,0x0000000063b00000)]
  0x000000005b988000 JavaThread "Build operations Thread 3" [_thread_blocked, id=7568, stack(0x0000000063800000,0x0000000063900000)]
=>0x000000005b987800 JavaThread "Build operations Thread 2" [_thread_in_Java, id=7236, stack(0x00000000622f0000,0x00000000623f0000)]
  0x000000005b986800 JavaThread "Build operations" [_thread_blocked, id=8168, stack(0x000000005ffc0000,0x00000000600c0000)]
  0x000000005b982000 JavaThread "Cache worker for execution history cache (C:\Users\New\.gradle\caches\6.1.1\executionHistory)" [_thread_blocked, id=7816, stack(0x00000000619b0000,0x0000000061ab0000)]
  0x000000005b981800 JavaThread "Cache worker for cache directory md-rule (C:\Users\New\.gradle\caches\6.1.1\md-rule)" [_thread_blocked, id=4372, stack(0x0000000060430000,0x0000000060530000)]
  0x000000005b980800 JavaThread "Cache worker for cache directory md-supplier (C:\Users\New\.gradle\caches\6.1.1\md-supplier)" [_thread_blocked, id=5972, stack(0x000000005d9a0000,0x000000005daa0000)]
  0x000000005b980000 JavaThread "Cache worker for file hash cache (C:\Users\New\AndroidStudioProjects\AndroidTest1\.gradle\6.1.1\fileHashes)" [_thread_blocked, id=7416, stack(0x00000000602a0000,0x00000000603a0000)]
  0x000000005b97f000 JavaThread "Cache worker for checksums cache (C:\Users\New\AndroidStudioProjects\AndroidTest1\.gradle\checksums)" [_thread_blocked, id=4684, stack(0x00000000600c0000,0x00000000601c0000)]
  0x000000005b97e800 JavaThread "Cache worker for file hash cache (C:\Users\New\.gradle\caches\6.1.1\fileHashes)" [_thread_blocked, id=5216, stack(0x000000005db00000,0x000000005dc00000)]
  0x000000005b97d800 JavaThread "File lock request listener" [_thread_in_native, id=7860, stack(0x000000005d3e0000,0x000000005d4e0000)]
  0x000000005b87f800 JavaThread "Cache worker for journal cache (C:\Users\New\.gradle\caches\journal-1)" [_thread_in_Java, id=8016, stack(0x000000005d890000,0x000000005d990000)]
  0x000000005b823800 JavaThread "Thread-9" [_thread_blocked, id=6944, stack(0x000000005d4e0000,0x000000005d5e0000)]
  0x000000005b813000 JavaThread "Stdin handler" [_thread_blocked, id=3184, stack(0x000000005d290000,0x000000005d390000)]
  0x000000005b812000 JavaThread "Asynchronous log dispatcher for DefaultDaemonConnection: socket connection from /127.0.0.1:55882 to /127.0.0.1:55883" [_thread_blocked, id=7464, stack(0x000000005ca20000,0x000000005cb20000)]
  0x000000005b846800 JavaThread "Daemon worker" [_thread_blocked, id=6936, stack(0x000000005d140000,0x000000005d240000)]
  0x000000005b818000 JavaThread "Cancel handler" [_thread_blocked, id=6224, stack(0x000000005d000000,0x000000005d100000)]
  0x000000005b77c800 JavaThread "Handler for socket connection from /127.0.0.1:55882 to /127.0.0.1:55883" [_thread_in_native, id=8116, stack(0x000000005b1f0000,0x000000005b2f0000)]
  0x000000005b764800 JavaThread "Daemon" [_thread_blocked, id=6352, stack(0x000000005ccf0000,0x000000005cdf0000)]
  0x000000005b762000 JavaThread "Daemon periodic checks" [_thread_blocked, id=7240, stack(0x000000005cb30000,0x000000005cc30000)]
  0x000000005b7a5800 JavaThread "Incoming local TCP Connector on port 55882" [_thread_in_native, id=7960, stack(0x000000005c8b0000,0x000000005c9b0000)]
  0x000000005b6a4800 JavaThread "Daemon health stats" [_thread_blocked, id=7712, stack(0x000000005c5a0000,0x000000005c6a0000)]
  0x0000000058bb9800 JavaThread "Service Thread" daemon [_thread_blocked, id=5400, stack(0x0000000059220000,0x0000000059320000)]
  0x0000000058b3f000 JavaThread "C1 CompilerThread2" daemon [_thread_blocked, id=7320, stack(0x00000000596b0000,0x00000000597b0000)]
  0x000000005774c800 JavaThread "C2 CompilerThread1" daemon [_thread_blocked, id=7332, stack(0x0000000059570000,0x0000000059670000)]
  0x0000000057745000 JavaThread "C2 CompilerThread0" daemon [_thread_blocked, id=8012, stack(0x0000000059330000,0x0000000059430000)]
  0x0000000058b39000 JavaThread "Attach Listener" daemon [_thread_blocked, id=3856, stack(0x0000000058f90000,0x0000000059090000)]
  0x0000000058b38800 JavaThread "Signal Dispatcher" daemon [_thread_blocked, id=7280, stack(0x00000000590f0000,0x00000000591f0000)]
  0x000000005772a800 JavaThread "Finalizer" daemon [_thread_blocked, id=7532, stack(0x0000000058a30000,0x0000000058b30000)]
  0x0000000057723800 JavaThread "Reference Handler" daemon [_thread_blocked, id=6028, stack(0x0000000058870000,0x0000000058970000)]
  0x00000000002be800 JavaThread "main" [_thread_blocked, id=7220, stack(0x00000000024f0000,0x00000000025f0000)]

Other Threads:
  0x00000000576da000 VMThread [stack: 0x0000000058710000,0x0000000058810000] [id=6536]
  0x0000000058bba800 WatcherThread [stack: 0x0000000059920000,0x0000000059a20000] [id=7172]

VM state:synchronizing (normal execution)

VM Mutex/Monitor currently owned by a thread:  ([mutex/lock_event])
[0x00000000002bcab0] Safepoint_lock - owner thread: 0x00000000576da000
[0x00000000002bcb30] Threads_lock - owner thread: 0x00000000576da000

heap address: 0x0000000080000000, size: 2048 MB, Compressed Oops mode: 32-bit
Narrow klass base: 0x0000000000000000, Narrow klass shift: 0
Compressed class space size: 1073741824 Address: 0x0000000016d50000

Heap:
 PSYoungGen      total 215552K, used 108846K [0x00000000d5580000, 0x00000000e7300000, 0x0000000100000000)
  eden space 197120K, 46% used [0x00000000d5580000,0x00000000daec1e80,0x00000000e1600000)
  from space 18432K, 94% used [0x00000000e1600000,0x00000000e2709d08,0x00000000e2800000)
  to   space 20992K, 0% used [0x00000000e5e80000,0x00000000e5e80000,0x00000000e7300000)
 ParOldGen       total 116224K, used 32181K [0x0000000080000000, 0x0000000087180000, 0x00000000d5580000)
  object space 116224K, 27% used [0x0000000080000000,0x0000000081f6d710,0x0000000087180000)
 Metaspace       used 72413K, capacity 75325K, committed 75416K, reserved 1114112K
  class space    used 9792K, capacity 10392K, committed 10416K, reserved 1048576K

Card table byte_map: [0x0000000011c80000,0x0000000012090000] byte_map_base: 0x0000000011880000

Marking Bits: (ParMarkBitMap*) 0x000000006f73f030
 Begin Bits: [0x0000000012950000, 0x0000000014950000)
 End Bits:   [0x0000000014950000, 0x0000000016950000)

Polling page: 0x0000000000130000

CodeCache: size=245760Kb used=24018Kb max_used=24018Kb free=221741Kb
 bounds [0x00000000028c0000, 0x0000000004050000, 0x00000000118c0000]
 total_blobs=8192 nmethods=7361 adapters=744
 compilation: enabled

Compilation events (10 events):
Event: 17.005 Thread 0x000000005774c800 nmethod 8134 0x0000000004046b90 code [0x0000000004046d40, 0x0000000004047480]
Event: 17.005 Thread 0x0000000058b3f000 8200       3       java.lang.String::getBytes (27 bytes)
Event: 17.005 Thread 0x000000005774c800 8114       4       java.io.BufferedReader::readLine (6 bytes)
Event: 17.005 Thread 0x0000000058b3f000 nmethod 8200 0x0000000004046690 code [0x0000000004046800, 0x0000000004046a78]
Event: 17.005 Thread 0x0000000058b3f000 8201   !   3       java.lang.StringCoding::encode (216 bytes)
Event: 17.008 Thread 0x0000000058b3f000 nmethod 8201 0x0000000004047f50 code [0x00000000040482e0, 0x000000000404a5f8]
Event: 17.008 Thread 0x0000000058b3f000 8202       3       com.google.common.cache.LocalCache$StrongValueReference::copyFor (2 bytes)
Event: 17.008 Thread 0x0000000058b3f000 nmethod 8202 0x00000000040128d0 code [0x0000000004012a20, 0x0000000004012b70]
Event: 17.011 Thread 0x0000000058b3f000 8203       1       java.net.InetAddress::holder (5 bytes)
Event: 17.011 Thread 0x0000000058b3f000 nmethod 8203 0x0000000004027490 code [0x00000000040275e0, 0x00000000040276f0]

GC Heap History (10 events):
Event: 7.438 GC heap before
{Heap before GC invocations=12 (full 2):
 PSYoungGen      total 123904K, used 112128K [0x00000000d5580000, 0x00000000e0f00000, 0x0000000100000000)
  eden space 112128K, 100% used [0x00000000d5580000,0x00000000dc300000,0x00000000dc300000)
  from space 11776K, 0% used [0x00000000dc300000,0x00000000dc300000,0x00000000dce80000)
  to   space 12288K, 0% used [0x00000000e0300000,0x00000000e0300000,0x00000000e0f00000)
 ParOldGen       total 78336K, used 17134K [0x0000000080000000, 0x0000000084c80000, 0x00000000d5580000)
  object space 78336K, 21% used [0x0000000080000000,0x00000000810bb9b0,0x0000000084c80000)
 Metaspace       used 40420K, capacity 42012K, committed 42152K, reserved 1085440K
  class space    used 5442K, capacity 5804K, committed 5808K, reserved 1048576K
Event: 7.448 GC heap after
Heap after GC invocations=12 (full 2):
 PSYoungGen      total 161280K, used 10321K [0x00000000d5580000, 0x00000000e0d80000, 0x0000000100000000)
  eden space 150528K, 0% used [0x00000000d5580000,0x00000000d5580000,0x00000000de880000)
  from space 10752K, 95% used [0x00000000e0300000,0x00000000e0d14798,0x00000000e0d80000)
  to   space 12800K, 0% used [0x00000000df480000,0x00000000df480000,0x00000000e0100000)
 ParOldGen       total 78336K, used 17142K [0x0000000080000000, 0x0000000084c80000, 0x00000000d5580000)
  object space 78336K, 21% used [0x0000000080000000,0x00000000810bd9b0,0x0000000084c80000)
 Metaspace       used 40420K, capacity 42012K, committed 42152K, reserved 1085440K
  class space    used 5442K, capacity 5804K, committed 5808K, reserved 1048576K
}
Event: 10.769 GC heap before
{Heap before GC invocations=13 (full 2):
 PSYoungGen      total 161280K, used 160849K [0x00000000d5580000, 0x00000000e0d80000, 0x0000000100000000)
  eden space 150528K, 100% used [0x00000000d5580000,0x00000000de880000,0x00000000de880000)
  from space 10752K, 95% used [0x00000000e0300000,0x00000000e0d14798,0x00000000e0d80000)
  to   space 12800K, 0% used [0x00000000df480000,0x00000000df480000,0x00000000e0100000)
 ParOldGen       total 78336K, used 17142K [0x0000000080000000, 0x0000000084c80000, 0x00000000d5580000)
  object space 78336K, 21% used [0x0000000080000000,0x00000000810bd9b0,0x0000000084c80000)
 Metaspace       used 55285K, capacity 57210K, committed 57384K, reserved 1099776K
  class space    used 7261K, capacity 7713K, committed 7728K, reserved 1048576K
Event: 10.793 GC heap after
Heap after GC invocations=13 (full 2):
 PSYoungGen      total 175616K, used 12799K [0x00000000d5580000, 0x00000000e3a00000, 0x0000000100000000)
  eden space 162816K, 0% used [0x00000000d5580000,0x00000000d5580000,0x00000000df480000)
  from space 12800K, 99% used [0x00000000df480000,0x00000000e00ffd88,0x00000000e0100000)
  to   space 18432K, 0% used [0x00000000e2800000,0x00000000e2800000,0x00000000e3a00000)
 ParOldGen       total 78336K, used 28376K [0x0000000080000000, 0x0000000084c80000, 0x00000000d5580000)
  object space 78336K, 36% used [0x0000000080000000,0x0000000081bb60d0,0x0000000084c80000)
 Metaspace       used 55285K, capacity 57210K, committed 57384K, reserved 1099776K
  class space    used 7261K, capacity 7713K, committed 7728K, reserved 1048576K
}
Event: 11.285 GC heap before
{Heap before GC invocations=14 (full 2):
 PSYoungGen      total 175616K, used 46279K [0x00000000d5580000, 0x00000000e3a00000, 0x0000000100000000)
  eden space 162816K, 20% used [0x00000000d5580000,0x00000000d76321d8,0x00000000df480000)
  from space 12800K, 99% used [0x00000000df480000,0x00000000e00ffd88,0x00000000e0100000)
  to   space 18432K, 0% used [0x00000000e2800000,0x00000000e2800000,0x00000000e3a00000)
 ParOldGen       total 78336K, used 28376K [0x0000000080000000, 0x0000000084c80000, 0x00000000d5580000)
  object space 78336K, 36% used [0x0000000080000000,0x0000000081bb60d0,0x0000000084c80000)
 Metaspace       used 57006K, capacity 59101K, committed 59160K, reserved 1099776K
  class space    used 7495K, capacity 7984K, committed 7984K, reserved 1048576K
Event: 11.322 GC heap after
Heap after GC invocations=14 (full 2):
 PSYoungGen      total 215552K, used 3727K [0x00000000d5580000, 0x00000000e5180000, 0x0000000100000000)
  eden space 197120K, 0% used [0x00000000d5580000,0x00000000d5580000,0x00000000e1600000)
  from space 18432K, 20% used [0x00000000e2800000,0x00000000e2ba3d08,0x00000000e3a00000)
  to   space 18432K, 0% used [0x00000000e1600000,0x00000000e1600000,0x00000000e2800000)
 ParOldGen       total 78336K, used 36589K [0x0000000080000000, 0x0000000084c80000, 0x00000000d5580000)
  object space 78336K, 46% used [0x0000000080000000,0x00000000823bb7b8,0x0000000084c80000)
 Metaspace       used 57006K, capacity 59101K, committed 59160K, reserved 1099776K
  class space    used 7495K, capacity 7984K, committed 7984K, reserved 1048576K
}
Event: 11.322 GC heap before
{Heap before GC invocations=15 (full 3):
 PSYoungGen      total 215552K, used 3727K [0x00000000d5580000, 0x00000000e5180000, 0x0000000100000000)
  eden space 197120K, 0% used [0x00000000d5580000,0x00000000d5580000,0x00000000e1600000)
  from space 18432K, 20% used [0x00000000e2800000,0x00000000e2ba3d08,0x00000000e3a00000)
  to   space 18432K, 0% used [0x00000000e1600000,0x00000000e1600000,0x00000000e2800000)
 ParOldGen       total 78336K, used 36589K [0x0000000080000000, 0x0000000084c80000, 0x00000000d5580000)
  object space 78336K, 46% used [0x0000000080000000,0x00000000823bb7b8,0x0000000084c80000)
 Metaspace       used 57006K, capacity 59101K, committed 59160K, reserved 1099776K
  class space    used 7495K, capacity 7984K, committed 7984K, reserved 1048576K
Event: 11.691 GC heap after
Heap after GC invocations=15 (full 3):
 PSYoungGen      total 215552K, used 0K [0x00000000d5580000, 0x00000000e5180000, 0x0000000100000000)
  eden space 197120K, 0% used [0x00000000d5580000,0x00000000d5580000,0x00000000e1600000)
  from space 18432K, 0% used [0x00000000e2800000,0x00000000e2800000,0x00000000e3a00000)
  to   space 18432K, 0% used [0x00000000e1600000,0x00000000e1600000,0x00000000e2800000)
 ParOldGen       total 116224K, used 32181K [0x0000000080000000, 0x0000000087180000, 0x00000000d5580000)
  object space 116224K, 27% used [0x0000000080000000,0x0000000081f6d710,0x0000000087180000)
 Metaspace       used 56966K, capacity 58957K, committed 59160K, reserved 1099776K
  class space    used 7484K, capacity 7940K, committed 7984K, reserved 1048576K
}
Event: 15.545 GC heap before
{Heap before GC invocations=16 (full 3):
 PSYoungGen      total 215552K, used 197120K [0x00000000d5580000, 0x00000000e5180000, 0x0000000100000000)
  eden space 197120K, 100% used [0x00000000d5580000,0x00000000e1600000,0x00000000e1600000)
  from space 18432K, 0% used [0x00000000e2800000,0x00000000e2800000,0x00000000e3a00000)
  to   space 18432K, 0% used [0x00000000e1600000,0x00000000e1600000,0x00000000e2800000)
 ParOldGen       total 116224K, used 32181K [0x0000000080000000, 0x0000000087180000, 0x00000000d5580000)
  object space 116224K, 27% used [0x0000000080000000,0x0000000081f6d710,0x0000000087180000)
 Metaspace       used 68541K, capacity 71115K, committed 71320K, reserved 1110016K
  class space    used 9273K, capacity 9801K, committed 9904K, reserved 1048576K
Event: 15.584 GC heap after
Heap after GC invocations=16 (full 3):
 PSYoungGen      total 215552K, used 17447K [0x00000000d5580000, 0x00000000e7300000, 0x0000000100000000)
  eden space 197120K, 0% used [0x00000000d5580000,0x00000000d5580000,0x00000000e1600000)
  from space 18432K, 94% used [0x00000000e1600000,0x00000000e2709d08,0x00000000e2800000)
  to   space 20992K, 0% used [0x00000000e5e80000,0x00000000e5e80000,0x00000000e7300000)
 ParOldGen       total 116224K, used 32181K [0x0000000080000000, 0x0000000087180000, 0x00000000d5580000)
  object space 116224K, 27% used [0x0000000080000000,0x0000000081f6d710,0x0000000087180000)
 Metaspace       used 68541K, capacity 71115K, committed 71320K, reserved 1110016K
  class space    used 9273K, capacity 9801K, committed 9904K, reserved 1048576K
}

Deoptimization events (10 events):
Event: 16.296 Thread 0x000000005b986800 Uncommon trap: reason=unstable_if action=reinterpret pc=0x0000000002b40e0c method=java.util.regex.Pattern.newSlice([IIZ)Ljava/util/regex/Pattern$Node; @ 10
Event: 16.296 Thread 0x000000005b986800 Uncommon trap: reason=unstable_if action=reinterpret pc=0x0000000002a46b6c method=java.util.regex.Pattern.newSlice([IIZ)Ljava/util/regex/Pattern$Node; @ 10
Event: 16.332 Thread 0x000000005b986800 Uncommon trap: reason=unstable_if action=reinterpret pc=0x000000000367f55c method=java.lang.CharacterDataLatin1.digit(II)I @ 31
Event: 16.436 Thread 0x000000005b986800 Uncommon trap: reason=unstable_if action=reinterpret pc=0x0000000003e76c10 method=java.io.BufferedInputStream.read([BII)I @ 31
Event: 16.684 Thread 0x000000005b986800 Uncommon trap: reason=unstable_if action=reinterpret pc=0x0000000002cd0460 method=java.lang.String.regionMatches(ZILjava/lang/String;II)Z @ 123
Event: 16.704 Thread 0x000000005b986800 Uncommon trap: reason=null_check action=make_not_entrant pc=0x0000000003956cf4 method=java.net.URL.getURLStreamHandler(Ljava/lang/String;)Ljava/net/URLStreamHandler; @ 7
Event: 16.716 Thread 0x000000005b986800 Uncommon trap: reason=unstable_if action=reinterpret pc=0x0000000002aaae70 method=sun.net.util.IPAddressUtil.scan(Ljava/lang/String;JJ[C)I @ 14
Event: 16.952 Thread 0x000000005b989000 Uncommon trap: reason=unstable_if action=reinterpret pc=0x0000000002bfe664 method=java.net.URI$Parser.scan(IILjava/lang/String;Ljava/lang/String;)I @ 23
Event: 16.986 Thread 0x000000005b989000 Uncommon trap: reason=unstable_if action=reinterpret pc=0x0000000003e8965c method=java.lang.CharacterDataLatin1.digit(II)I @ 82
Event: 16.987 Thread 0x000000005b989000 Uncommon trap: reason=unstable_if action=reinterpret pc=0x0000000003ead384 method=java.lang.CharacterDataLatin1.digit(II)I @ 82

Classes redefined (0 events):
No events

Internal exceptions (10 events):
Event: 15.645 Thread 0x000000005b846800 Exception <a 'java/lang/ClassNotFoundException': org/gradle/api/internal/tasks/DefaultSourceSetContainerBeanInfo> (0x00000000d65ccab8) thrown at [C:\src\AOSP-openjdk-git\hotspot\src\share\vm\classfile\systemDictionary.cpp, line 210]
Event: 15.646 Thread 0x000000005b846800 Exception <a 'java/lang/ClassNotFoundException': org/gradle/api/internal/tasks/DefaultSourceSetContainerCustomizer> (0x00000000d65fdae0) thrown at [C:\src\AOSP-openjdk-git\hotspot\src\share\vm\classfile\systemDictionary.cpp, line 210]
Event: 15.647 Thread 0x000000005b846800 Exception <a 'java/lang/ClassNotFoundException': org/gradle/api/internal/tasks/DefaultSourceSetContainer_DecoratedCustomizer> (0x00000000d6642ac0) thrown at [C:\src\AOSP-openjdk-git\hotspot\src\share\vm\classfile\systemDictionary.cpp, line 210]
Event: 16.111 Thread 0x000000005b987800 Exception <a 'java/lang/NoSuchMethodError': java.lang.Object.lambda$flatMap$1(Ljava/util/function/Function;Lorg/gradle/internal/Try;)Lorg/gradle/api/internal/artifacts/transform/CacheableInvocation;> (0x00000000d7e35bf8) thrown at [C:\src\AOSP-openjdk-git
Event: 16.111 Thread 0x000000005b987800 Exception <a 'java/lang/NoSuchMethodError': java.lang.Object.lambda$flatMap$4(Ljava/util/function/Function;)Lorg/gradle/api/internal/artifacts/transform/CacheableInvocation;> (0x00000000d7e3a028) thrown at [C:\src\AOSP-openjdk-git\hotspot\src\share\vm\int
Event: 16.112 Thread 0x000000005b987800 Exception <a 'java/lang/NoSuchMethodError': java.lang.Object.lambda$flatMap$3(Ljava/util/function/Function;)Lorg/gradle/internal/Try;> (0x00000000d7e3eee8) thrown at [C:\src\AOSP-openjdk-git\hotspot\src\share\vm\interpreter\linkResolver.cpp, line 620]
Event: 16.202 Thread 0x000000005b989000 Implicit null exception at 0x0000000002b3e546 to 0x0000000002b3e8c5
Event: 16.354 Thread 0x000000005b987800 Exception <a 'java/lang/NoSuchMethodError': java.lang.Object.lambda$flatMap$2(Ljava/util/function/Function;Ljava/lang/Object;)Lorg/gradle/internal/Try;> (0x00000000d8eaa530) thrown at [C:\src\AOSP-openjdk-git\hotspot\src\share\vm\interpreter\linkResolver.
Event: 17.008 Thread 0x000000005b987800 Implicit null exception at 0x00000000040432b3 to 0x0000000000000000
Event: 17.008 Thread 0x000000005b87f800 Implicit null exception at 0x00000000040432b3 to 0x0000000000000000

Events (10 events):
Event: 16.987 loading class sun/net/InetAddressCachePolicy$1
Event: 16.987 loading class sun/net/InetAddressCachePolicy$1 done
Event: 16.987 loading class sun/net/InetAddressCachePolicy$2
Event: 16.987 loading class sun/net/InetAddressCachePolicy$2 done
Event: 16.987 loading class java/net/InetAddress$CacheEntry
Event: 16.987 loading class java/net/InetAddress$CacheEntry done
Event: 16.988 Executing VM operation: RevokeBias
Event: 16.988 Executing VM operation: RevokeBias done
Event: 17.011 loading class javax/net/DefaultSocketFactory
Event: 17.011 Executing VM operation: RevokeBias


Dynamic libraries:
0x000000013f940000 - 0x000000013f971000 	C:\Program Files\Android\Android Studio\jre\bin\java.exe
0x00000000774b0000 - 0x000000007764f000 	C:\Windows\SYSTEM32\ntdll.dll
0x0000000077390000 - 0x00000000774af000 	C:\Windows\system32\kernel32.dll
0x000007fefd030000 - 0x000007fefd097000 	C:\Windows\system32\KERNELBASE.dll
0x000007fefde30000 - 0x000007fefdf0b000 	C:\Windows\system32\ADVAPI32.dll
0x000007feff390000 - 0x000007feff42f000 	C:\Windows\system32\msvcrt.dll
0x000007fefe390000 - 0x000007fefe3af000 	C:\Windows\SYSTEM32\sechost.dll
0x000007feff540000 - 0x000007feff66c000 	C:\Windows\system32\RPCRT4.dll
0x0000000077290000 - 0x000000007738b000 	C:\Windows\system32\USER32.dll
0x000007fefd830000 - 0x000007fefd897000 	C:\Windows\system32\GDI32.dll
0x000007fefd8a0000 - 0x000007fefd8ae000 	C:\Windows\system32\LPK.dll
0x000007feff670000 - 0x000007feff73b000 	C:\Windows\system32\USP10.dll
0x000007fefbb50000 - 0x000007fefbd45000 	C:\Windows\WinSxS\amd64_microsoft.windows.common-controls_6595b64144ccf1df_6.0.7601.24483_none_e372d88f30fbb845\COMCTL32.dll
0x000007fefd8b0000 - 0x000007fefd921000 	C:\Windows\system32\SHLWAPI.dll
0x000007fefe510000 - 0x000007fefe53e000 	C:\Windows\system32\IMM32.DLL
0x000007feff430000 - 0x000007feff53b000 	C:\Windows\system32\MSCTF.dll
0x0000000072560000 - 0x0000000072632000 	C:\Program Files\Android\Android Studio\jre\jre\bin\msvcr100.dll
0x000000006ef70000 - 0x000000006f7bb000 	C:\Program Files\Android\Android Studio\jre\jre\bin\server\jvm.dll
0x000007fefc1b0000 - 0x000007fefc1b9000 	C:\Windows\system32\WSOCK32.dll
0x000007fefd930000 - 0x000007fefd97d000 	C:\Windows\system32\WS2_32.dll
0x000007fefd550000 - 0x000007fefd558000 	C:\Windows\system32\NSI.dll
0x000007fefad20000 - 0x000007fefad5b000 	C:\Windows\system32\WINMM.dll
0x000007fefc180000 - 0x000007fefc18c000 	C:\Windows\system32\VERSION.dll
0x0000000077660000 - 0x0000000077667000 	C:\Windows\system32\PSAPI.DLL
0x000007fefb760000 - 0x000007fefb76f000 	C:\Program Files\Android\Android Studio\jre\jre\bin\verify.dll
0x000007fef8040000 - 0x000007fef8069000 	C:\Program Files\Android\Android Studio\jre\jre\bin\java.dll
0x000007feee180000 - 0x000007feee196000 	C:\Program Files\Android\Android Studio\jre\jre\bin\zip.dll
0x000007fefe560000 - 0x000007feff2eb000 	C:\Windows\system32\SHELL32.dll
0x000007fefdfb0000 - 0x000007fefe1af000 	C:\Windows\system32\ole32.dll
0x000007fefd000000 - 0x000007fefd00f000 	C:\Windows\system32\profapi.dll
0x000007feee150000 - 0x000007feee16a000 	C:\Program Files\Android\Android Studio\jre\jre\bin\net.dll
0x00000000125b0000 - 0x0000000012629000 	C:\Windows\system32\imon.dll
0x000007fefc190000 - 0x000007fefc1a8000 	C:\Windows\system32\MPR.dll
0x000007fefc740000 - 0x000007fefc795000 	C:\Windows\system32\mswsock.dll
0x000007fefc730000 - 0x000007fefc737000 	C:\Windows\System32\wship6.dll
0x000007feee130000 - 0x000007feee143000 	C:\Program Files\Android\Android Studio\jre\jre\bin\nio.dll
0x000007feece10000 - 0x000007feece36000 	C:\Users\New\.gradle\native\31\windows-amd64\native-platform.dll
0x000007fef51c0000 - 0x000007fef51c3000 	C:\Windows\system32\api-ms-win-core-synch-l1-2-0.DLL
0x000007fefb750000 - 0x000007fefb75d000 	C:\Program Files\Android\Android Studio\jre\jre\bin\management.dll
0x000007fefc7a0000 - 0x000007fefc7b8000 	C:\Windows\system32\CRYPTSP.dll
0x000007fefc4a0000 - 0x000007fefc4e7000 	C:\Windows\system32\rsaenh.dll
0x000007fefd360000 - 0x000007fefd37f000 	C:\Windows\system32\USERENV.dll
0x000007fefcea0000 - 0x000007fefceaf000 	C:\Windows\system32\CRYPTBASE.dll
0x000007fefac40000 - 0x000007fefac67000 	C:\Windows\system32\IPHLPAPI.DLL
0x000007fefac30000 - 0x000007fefac3b000 	C:\Windows\system32\WINNSI.DLL
0x000007fefa920000 - 0x000007fefa931000 	C:\Windows\system32\dhcpcsvc6.DLL
0x000007fefa900000 - 0x000007fefa918000 	C:\Windows\system32\dhcpcsvc.DLL
0x000007fee54d0000 - 0x000007fee54f4000 	C:\Program Files\Android\Android Studio\jre\jre\bin\sunec.dll
0x000007fefc170000 - 0x000007fefc177000 	C:\Windows\System32\wshtcpip.dll
0x000007fefc5c0000 - 0x000007fefc61b000 	C:\Windows\system32\DNSAPI.dll
0x000007fef66c0000 - 0x000007fef66c8000 	C:\Windows\system32\rasadhlp.dll
0x000007fefa9e0000 - 0x000007fefaa33000 	C:\Windows\System32\fwpuclnt.dll
0x000007fef8ae0000 - 0x000007fef8c05000 	C:\Windows\system32\dbghelp.dll

VM Arguments:
jvm_args: -Xmx2048m -Dfile.encoding=windows-1251 -Duser.country=RU -Duser.language=ru -Duser.variant 
java_command: org.gradle.launcher.daemon.bootstrap.GradleDaemon 6.1.1
java_class_path (initial): C:\Users\New\.gradle\wrapper\dists\gradle-6.1.1-all\cfmwm155h49vnt3hynmlrsdst\gradle-6.1.1\lib\gradle-launcher-6.1.1.jar
Launcher Type: SUN_STANDARD

Environment Variables:
PATH=C:\Program Files (x86)\Common Files\Oracle\Java\javapath;C:\Windows\system32;C:\Windows;C:\Windows\System32\Wbem;C:\Windows\System32\WindowsPowerShell\v1.0\;C:\Program Files (x86)\AMD\ATI.ACE\Core-Static;C:\Program Files\Git\cmd;;C:\Program Files\Exercism
USERNAME=New
OS=Windows_NT
PROCESSOR_IDENTIFIER=Intel64 Family 6 Model 30 Stepping 5, GenuineIntel



---------------  S Y S T E M  ---------------

OS: Windows 7 , 64 bit Build 7601 (6.1.7601.24545)

CPU:total 4 (initial active 4) (4 cores per cpu, 1 threads per core) family 6 model 30 stepping 5, cmov, cx8, fxsr, mmx, sse, sse2, sse3, ssse3, sse4.1, sse4.2, popcnt, tsc, tscinvbit

Memory: 4k page, physical 8379448k(1507976k free), swap 16756996k(9181432k free)

vm_info: OpenJDK 64-Bit Server VM (25.242-b01) for windows-amd64 JRE (1.8.0_242-release-1644-b01), built by "builder" with MS VC++ 10.0 (VS2010)

time: Wed Oct 07 19:51:22 2020
timezone: RTZ 6 (зима)
elapsed time: 17 seconds (0d 0h 0m 17s)

